Tue Mar 27 06:05:33 2018 - identified RedHat release as 6.8
Tue Mar 27 06:05:33 2018 - installing HAK and SD on server

Tue Mar 27 06:05:34 2018 - creating/modifing netapp volume and luns
Tue Mar 27 06:05:35 2018 - creating volume:koko size:930g
Tue Mar 27 06:05:44 2018 - creating lun: /vol/koko/vg1_1
Tue Mar 27 06:05:45 2018 - mapping lun: /vol/koko/vg1_1 to igroup:RHEL1
Tue Mar 27 06:05:46 2018 - creating lun: /vol/koko/vg1_2
Tue Mar 27 06:05:47 2018 - mapping lun: /vol/koko/vg1_2 to igroup:RHEL1
Tue Mar 27 06:05:48 2018 - creating lun: /vol/koko/vg1_3
Tue Mar 27 06:05:50 2018 - mapping lun: /vol/koko/vg1_3 to igroup:RHEL1
Tue Mar 27 06:05:51 2018 - creating lun: /vol/koko/archive/vg2_1
Tue Mar 27 06:05:51 2018 - creting qtree:archive to host the luns of vg:vg2
Tue Mar 27 06:05:53 2018 - mapping lun: /vol/koko/archive/vg2_1 to igroup:RHEL1
Tue Mar 27 06:05:54 2018 - creating lun: /vol/koko/archive/vg2_2
Tue Mar 27 06:05:55 2018 - mapping lun: /vol/koko/archive/vg2_2 to igroup:RHEL1
	ssh -o StrictHostKeyChecking=no -o PreferredAuthentications=publickey RHEL1  cat /etc/multipath.conf
	Tue Mar 27 06:05:56 2018 - path_checker been set as: tur
	Tue Mar 27 06:05:56 2018 - features been set as: "3 queue_if_no_path pg_init_retries 50"
	Tue Mar 27 06:05:56 2018 - prio been set as: prio "alua"
	Tue Mar 27 06:05:56 2018 - getuid_callout been set as: "/lib/udev/scsi_id -g -u -d /dev/%n"
Tue Mar 27 06:05:56 2018 - backing up and recreating /etc/multipath.conf

Tue Mar 27 06:05:56 2018 - rescanning new devices
Tue Mar 27 06:05:56 2018 - copying rescan script /root/lvm/scsi-rescan to the server

Tue Mar 27 06:06:07 2018 - configuration of dmultipath devices

Tue Mar 27 06:06:09 2018 - creating PV from new devices
Tue Mar 27 06:06:10 2018 - creating pv:cdotsan_RHEL1_vg1_3 :
  Physical volume "/dev/mapper/cdotsan_RHEL1_vg1_3" successfully created
Tue Mar 27 06:06:10 2018 - creating pv:cdotsan_RHEL1_vg1_2 :
  Physical volume "/dev/mapper/cdotsan_RHEL1_vg1_2" successfully created
Tue Mar 27 06:06:10 2018 - creating pv:cdotsan_RHEL1_vg1_1 :
  Physical volume "/dev/mapper/cdotsan_RHEL1_vg1_1" successfully created
Tue Mar 27 06:06:10 2018 - creating pv:cdotsan_RHEL1_vg2_2 :
  Physical volume "/dev/mapper/cdotsan_RHEL1_vg2_2" successfully created
Tue Mar 27 06:06:10 2018 - creating pv:cdotsan_RHEL1_vg2_1 :
  Physical volume "/dev/mapper/cdotsan_RHEL1_vg2_1" successfully created

Tue Mar 27 06:06:11 2018 - extending VG based on new devices
Tue Mar 27 06:06:11 2018 - extending vg:vg1 with pv:/dev/mapper/cdotsan_RHEL1_vg1_3 :
  Volume group "vg1" successfully extended
Tue Mar 27 06:06:11 2018 - extending vg:vg1 with pv:/dev/mapper/cdotsan_RHEL1_vg1_2 :
  Volume group "vg1" successfully extended
Tue Mar 27 06:06:12 2018 - extending vg:vg1 with pv:/dev/mapper/cdotsan_RHEL1_vg1_1 :
  Volume group "vg1" successfully extended
Tue Mar 27 06:06:12 2018 - extending vg:vg2 with pv:/dev/mapper/cdotsan_RHEL1_vg2_2 :
  Volume group "vg2" successfully extended
Tue Mar 27 06:06:12 2018 - extending vg:vg2 with pv:/dev/mapper/cdotsan_RHEL1_vg2_1 :
  Volume group "vg2" successfully extended

Tue Mar 27 06:06:13 2018 - creating lvmirrors
Tue Mar 27 06:06:14 2018 - making sure LV:vg1/lv1 is active
Tue Mar 27 06:06:14 2018 - setting up mirror for LV:vg1/lv1: 
Tue Mar 27 06:06:44 2018 - making sure LV:vg1/lv3 is active
Tue Mar 27 06:06:44 2018 - setting up mirror for LV:vg1/lv3: 
Tue Mar 27 06:07:15 2018 - making sure LV:vg1/lv2 is active
Tue Mar 27 06:07:15 2018 - setting up mirror for LV:vg1/lv2: 
Tue Mar 27 06:07:45 2018 - making sure LV:vg2/lv1 is active
Tue Mar 27 06:07:45 2018 - setting up mirror for LV:vg2/lv1: 
Tue Mar 27 06:08:16 2018 - making sure LV:vg2/lv2 is active
Tue Mar 27 06:08:16 2018 - setting up mirror for LV:vg2/lv2: 
Tue Mar 27 06:08:47 2018 - splitting mirror for LV:vg1/lv1 and keeping backup LV as:vg1/lv1_old_to_delete_XIV :
  Logical volume lv1 converted.
Tue Mar 27 06:08:47 2018 - deactivating of backup LV:vg1/lv1_old_to_delete_XIV
Tue Mar 27 06:08:48 2018 - splitting mirror for LV:vg1/lv3 and keeping backup LV as:vg1/lv3_old_to_delete_XIV :
  Logical volume lv3 converted.
Tue Mar 27 06:08:48 2018 - deactivating of backup LV:vg1/lv3_old_to_delete_XIV
Tue Mar 27 06:08:49 2018 - splitting mirror for LV:vg1/lv2 and keeping backup LV as:vg1/lv2_old_to_delete_XIV :
  Logical volume lv2 converted.
Tue Mar 27 06:08:49 2018 - deactivating of backup LV:vg1/lv2_old_to_delete_XIV
Tue Mar 27 06:08:50 2018 - splitting mirror for LV:vg2/lv1 and keeping backup LV as:vg2/lv1_old_to_delete_XIV :
  Logical volume lv1 converted.
Tue Mar 27 06:08:50 2018 - deactivating of backup LV:vg2/lv1_old_to_delete_XIV
Tue Mar 27 06:08:51 2018 - splitting mirror for LV:vg2/lv2 and keeping backup LV as:vg2/lv2_old_to_delete_XIV :
  Logical volume lv2 converted.
Tue Mar 27 06:08:51 2018 - deactivating of backup LV:vg2/lv2_old_to_delete_XIV
Tue Mar 27 06:08:53 2018 - spliting vg:vg1 keeping old lvs on vg:vg1_old_to_delete_XIV :
  New volume group "vg1_old_to_delete_XIV" successfully split from "vg1"
Tue Mar 27 06:08:54 2018 - spliting vg:vg2 keeping old lvs on vg:vg2_old_to_delete_XIV :
  New volume group "vg2_old_to_delete_XIV" successfully split from "vg2"
Tue Mar 27 06:08:54 2018 - all done
