
[14/03/2018 17:32:44] : SnapCreator: working directory set to /usr/RHEL1/SnapCreator/logs
[14/03/2018 17:32:44] : The Sequence file is : /usr/RHEL1/SnapCreator/logs/TS_SnapCreator.DrpLinprod_SCMDB.seq
[14/03/2018 17:32:44] : START: ./SnapCreator.pl -g DrpLinprod_SCMDB
[14/03/2018 17:32:44] : computer: RHEL1 process: 10277 tty: /dev/pts/2
[14/03/2018 17:32:44] : ----------------- environment variables ----------------
[14/03/2018 17:32:44] : BASH_FUNC_module()=() {  eval `/usr/bin/modulecmd bash $*`}
[14/03/2018 17:32:44] : CVS_RSH=ssh
[14/03/2018 17:32:44] : G_BROKEN_FILENAMES=1
[14/03/2018 17:32:44] : HISTCONTROL=ignoredups
[14/03/2018 17:32:44] : HISTSIZE=1000
[14/03/2018 17:32:44] : HOME=/root
[14/03/2018 17:32:44] : HOSTNAME=RHEL1
[14/03/2018 17:32:44] : LANG=en_US.UTF-8
[14/03/2018 17:32:44] : LESSOPEN=||/usr/bin/lesspipe.sh %s
[14/03/2018 17:32:44] : LOADEDMODULES=
[14/03/2018 17:32:44] : LOGNAME=root
[14/03/2018 17:32:44] : LS_COLORS=rs=0:di=01;34:ln=01;36:mh=00:pi=40;33:so=01;35:do=01;35:bd=40;33;01:cd=40;33;01:or=40;31;01:mi=01;05;37;41:su=37;41:sg=30;43:ca=30;41:tw=30;42:ow=34;42:st=37;44:ex=01;32:*.tar=01;31:*.tgz=01;31:*.arj=01;31:*.taz=01;31:*.lzh=01;31:*.lzma=01;31:*.tlz=01;31:*.txz=01;31:*.zip=01;31:*.z=01;31:*.Z=01;31:*.dz=01;31:*.gz=01;31:*.lz=01;31:*.xz=01;31:*.bz2=01;31:*.tbz=01;31:*.tbz2=01;31:*.bz=01;31:*.tz=01;31:*.deb=01;31:*.rpm=01;31:*.jar=01;31:*.rar=01;31:*.ace=01;31:*.zoo=01;31:*.cpio=01;31:*.7z=01;31:*.rz=01;31:*.jpg=01;35:*.jpeg=01;35:*.gif=01;35:*.bmp=01;35:*.pbm=01;35:*.pgm=01;35:*.ppm=01;35:*.tga=01;35:*.xbm=01;35:*.xpm=01;35:*.tif=01;35:*.tiff=01;35:*.png=01;35:*.svg=01;35:*.svgz=01;35:*.mng=01;35:*.pcx=01;35:*.mov=01;35:*.mpg=01;35:*.mpeg=01;35:*.m2v=01;35:*.mkv=01;35:*.ogm=01;35:*.mp4=01;35:*.m4v=01;35:*.mp4v=01;35:*.vob=01;35:*.qt=01;35:*.nuv=01;35:*.wmv=01;35:*.asf=01;35:*.rm=01;35:*.rmvb=01;35:*.flc=01;35:*.avi=01;35:*.fli=01;35:*.flv=01;35:*.gl=01;35:*.dl=01;35:*.xcf=01;35:*.xwd=01;35:*.yuv=01;35:*.cgm=01;35:*.emf=01;35:*.axv=01;35:*.anx=01;35:*.ogv=01;35:*.ogx=01;35:*.aac=01;36:*.au=01;36:*.flac=01;36:*.mid=01;36:*.midi=01;36:*.mka=01;36:*.mp3=01;36:*.mpc=01;36:*.ogg=01;36:*.ra=01;36:*.wav=01;36:*.axa=01;36:*.oga=01;36:*.spx=01;36:*.xspf=01;36:
[14/03/2018 17:32:44] : MAIL=/var/spool/mail/root
[14/03/2018 17:32:44] : MODULEPATH=/usr/share/Modules/modulefiles:/etc/modulefiles
[14/03/2018 17:32:44] : MODULESHOME=/usr/share/Modules
[14/03/2018 17:32:44] : OLDPWD=/root/lvm
[14/03/2018 17:32:44] : PATH=/usr/lib64/qt-3.3/bin:/usr/local/sbin:/usr/local/bin:/sbin:/bin:/usr/sbin:/usr/bin:/root/bin
[14/03/2018 17:32:44] : PWD=/root/lvm/SnapCreatorDev
[14/03/2018 17:32:44] : QTDIR=/usr/lib64/qt-3.3
[14/03/2018 17:32:44] : QTINC=/usr/lib64/qt-3.3/include
[14/03/2018 17:32:44] : QTLIB=/usr/lib64/qt-3.3/lib
[14/03/2018 17:32:44] : SHELL=/bin/bash
[14/03/2018 17:32:44] : SHLVL=1
[14/03/2018 17:32:44] : SSH_ASKPASS=/usr/libexec/openssh/gnome-ssh-askpass
[14/03/2018 17:32:44] : SSH_CLIENT=192.168.0.5 51192 22
[14/03/2018 17:32:44] : SSH_CONNECTION=192.168.0.5 51192 192.168.0.61 22
[14/03/2018 17:32:44] : SSH_TTY=/dev/pts/2
[14/03/2018 17:32:44] : TERM=xterm
[14/03/2018 17:32:44] : USER=root
[14/03/2018 17:32:44] : _=./SnapCreator.pl
[14/03/2018 17:32:44] : ----------------- environment variables ----------------
[14/03/2018 17:32:44] : SnapCreator STARTED
[14/03/2018 17:32:44] : LOG_FILE=/usr/RHEL1/SnapCreator/logs/TS_SnapCreator_20180314.DrpLinprod_SCMDB.log
[14/03/2018 17:32:44] : DISK=/usr/RHEL1/SnapCreator/logs  YYYYMMDD=20180314 FROM_STEP=10 TO_STEP=80

[14/03/2018 17:32:44] : DESCRIPTION: Welcome
[14/03/2018 17:32:44] : Step 10 GenetalInfo BEGIN
[14/03/2018 17:32:44] : SnapCreator
[14/03/2018 17:32:44] : Step 10 GenetalInfo END
[14/03/2018 17:32:44] : -------------------------------------------------------

[14/03/2018 17:32:44] : DESCRIPTION: Create the backup copy
[14/03/2018 17:32:44] : Step 40 CreateBackupPointXIV BEGIN
[14/03/2018 17:32:44] : -- Single volumes config --
[14/03/2018 17:32:44] : Going to Duplicate snapshot last-replicated-linprod_vgscmdb_DR to DR_SCMDB_SnapC_14_03__17_32_44
[14/03/2018 17:32:44] : Going to Duplicate a Snapshot from "last-replicated-linprod_vgscmdb_DR" to "DR_SCMDB_SnapC_14_03__17_32_44" on XIV "drpxiv1" 
[14/03/2018 17:32:44] : ERROR: Cannot duplicate snapshot DR_SCMDB_SnapC_14_03__17_32_44 from "last-replicated-linprod_vgscmdb_DR" on drpxiv1
